<?xml version="1.0" encoding="UTF-8"?>
<testng-results total="3" passed="3" failed="0" skipped="0">
  <reporter-output>
    <line>
      <![CDATA[verifyForeignPlayerCountTest is passed]]>
    </line>
    <line>
      <![CDATA[verifyWicketKeeperCountTest is passed]]>
    </line>
  </reporter-output>
  <suite started-at="2022-09-23T13:00:26Z" name="Default suite" finished-at="2022-09-23T13:00:27Z" duration-ms="259">
    <groups>
    </groups>
    <test started-at="2022-09-23T13:00:26Z" name="Default test" finished-at="2022-09-23T13:00:27Z" duration-ms="259">
      <class name="com.rcb.scripts.RcbTest">
        <test-method signature="colorreports()[pri:0, instance:com.rcb.scripts.RcbTest@6cb6decd]" started-at="2022-09-23T18:30:26Z" name="colorreports" finished-at="2022-09-23T18:30:27Z" duration-ms="239" status="PASS">
          <reporter-output>
          </reporter-output>
        </test-method> <!-- colorreports -->
        <test-method signature="verifyForeignPlayerCountTest(java.lang.reflect.Method)[pri:0, instance:com.rcb.scripts.RcbTest@6cb6decd]" started-at="2022-09-23T18:30:27Z" name="verifyForeignPlayerCountTest" description="Validate that team has only 4 foreign players in playing 11" finished-at="2022-09-23T18:30:27Z" duration-ms="9" status="PASS">
          <params>
            <param index="0">
              <value>
                <![CDATA[public void com.rcb.scripts.RcbTest.verifyForeignPlayerCountTest(java.lang.reflect.Method)]]>
              </value>
            </param>
          </params>
          <reporter-output>
            <line>
              <![CDATA[verifyForeignPlayerCountTest is passed]]>
            </line>
          </reporter-output>
        </test-method> <!-- verifyForeignPlayerCountTest -->
        <test-method signature="verifyWicketKeeperCountTest(java.lang.reflect.Method)[pri:0, instance:com.rcb.scripts.RcbTest@6cb6decd]" started-at="2022-09-23T18:30:27Z" name="verifyWicketKeeperCountTest" description="Validate that team has at least one wicket-keeper in playing 11" finished-at="2022-09-23T18:30:27Z" duration-ms="1" status="PASS">
          <params>
            <param index="0">
              <value>
                <![CDATA[public void com.rcb.scripts.RcbTest.verifyWicketKeeperCountTest(java.lang.reflect.Method)]]>
              </value>
            </param>
          </params>
          <reporter-output>
            <line>
              <![CDATA[verifyWicketKeeperCountTest is passed]]>
            </line>
          </reporter-output>
        </test-method> <!-- verifyWicketKeeperCountTest -->
      </class> <!-- com.rcb.scripts.RcbTest -->
    </test> <!-- Default test -->
  </suite> <!-- Default suite -->
</testng-results>
